<?xml version="1.0" encoding="UTF-8"?>
<testsuite xmlns:xsi="http://www.w3.org/2001/XMLSchema-instance" xsi:noNamespaceSchemaLocation="https://maven.apache.org/surefire/maven-surefire-plugin/xsd/surefire-test-report-3.0.xsd" version="3.0" name="io.quarkus.test.custom.provider.test.CustomProviderDevModeTest" time="13.616" tests="1" errors="0" skipped="0" failures="0">
  <properties>
[...]
</properties>
  <testcase name="writeYourOwnDevModeTest" classname="io.quarkus.test.custom.provider.test.CustomProviderDevModeTest" time="13.612">
    <system-out><![CDATA[&amp#27;[94mTests paused&amp#27;[39m
2023-07-20 11:03:49,591 WARN  [io.qua.boo.BootstrapAppModelFactory] (main) Expected project directory /tmp/quarkus-dev-mode-test15764212836512686609 does not match current project directory /home/mvavrik/Downloads/tmp/oidc-provider-extension/custom-provider/deployment
2023-07-20 11:03:50,795 INFO  [org.tes.doc.DockerClientProviderStrategy] (build-41) Loaded org.testcontainers.dockerclient.UnixSocketClientProviderStrategy from ~/.testcontainers.properties, will try it first
2023-07-20 11:03:50,952 INFO  [org.tes.doc.DockerClientProviderStrategy] (build-41) Found Docker environment with local Unix socket (unix:///var/run/docker.sock)
2023-07-20 11:03:50,953 INFO  [org.tes.DockerClientFactory] (build-41) Docker host IP address is localhost
2023-07-20 11:03:50,966 INFO  [org.tes.DockerClientFactory] (build-41) Connected to docker: 
  Server Version: 24.0.4
  API Version: 1.43
  Operating System: Fedora Linux 38 (Cinnamon)
  Total Memory: 31838 MB
2023-07-20 11:03:50,978 INFO  [org.tes.uti.ImageNameSubstitutor] (build-41) Image name substitution will be performed by: DefaultImageNameSubstitutor (composite of 'ConfigurationFileImageNameSubstitutor' and 'PrefixingImageNameSubstitutor')
2023-07-20 11:03:50,980 INFO  [org.tes.DockerClientFactory] (build-41) Checking the system...
2023-07-20 11:03:50,981 INFO  [org.tes.DockerClientFactory] (build-41) ✔︎ Docker server version should be at least 1.6.0
2023-07-20 11:03:51,004 INFO  [io.qua.oid.dep.dev.key.KeycloakDevServicesProcessor] (build-41) Using Quarkus powered Keycloak distribution
2023-07-20 11:03:51,091 INFO  [tc.qua.io/.0.0] (build-41) Creating container for image: quay.io/keycloak/keycloak:22.0.0
2023-07-20 11:03:51,102 INFO  [tc.tes.5.1] (build-41) Creating container for image: testcontainers/ryuk:0.5.1
2023-07-20 11:03:51,224 INFO  [tc.tes.5.1] (build-41) Container testcontainers/ryuk:0.5.1 is starting: 11dae84d53ac711772d9a9441dd2b3fee95e1aa54e55a598193ddf77a9f4c9f3
2023-07-20 11:03:51,535 INFO  [tc.tes.5.1] (build-41) Container testcontainers/ryuk:0.5.1 started in PT0.433083145S
2023-07-20 11:03:51,572 INFO  [tc.qua.io/.0.0] (build-41) Container quay.io/keycloak/keycloak:22.0.0 is starting: 61591fc2aab1e1daa482b36bd6f95364a2108dc619685d29fe0654cfbb37f90e
2023-07-20 11:03:59,773 INFO  [tc.qua.io/.0.0] (build-41) Container quay.io/keycloak/keycloak:22.0.0 started in PT8.768265491S
2023-07-20 11:04:01,496 INFO  [io.qua.oid.dep.dev.key.KeycloakDevServicesProcessor] (build-41) Dev Services for Keycloak started.
2023-07-20 11:04:02,903 INFO  [io.quarkus] (Quarkus Main Thread) custom-provider-deployment 1.0.0-SNAPSHOT on JVM (powered by Quarkus 999-SNAPSHOT) started in 13.044s. Listening on: http://localhost:8080
2023-07-20 11:04:02,905 INFO  [io.quarkus] (Quarkus Main Thread) Profile dev activated. Live Coding activated.
2023-07-20 11:04:02,906 INFO  [io.quarkus] (Quarkus Main Thread) Installed features: [cdi, custom-provider, oidc, security, smallrye-context-propagation, vertx]
2023-07-20 11:04:02,914 INFO  [io.quarkus] (Quarkus Main Thread) custom-provider-deployment stopped in 0.005s
]]></system-out>
  </testcase>
</testsuite>